Failed to create database during init_db: (2003, "Can't connect to MySQL server on 'localhost' ([Errno 111] Connection refused)")
Scheduler updated: Polling for due targets every minute. Daily verification set to 00:05.
İşçi iş parçacığı başlatıldı...
 * Serving Flask app 'app'
 * Debug mode: off
Zamanlanmış artımlı tarama görevi kuyruğa ekleniyor.
İş işleniyor 65a8fa0c-eda9-44cd-b0cc-ad8a3bad4b86...
İş 65a8fa0c-eda9-44cd-b0cc-ad8a3bad4b86: Yönetici paneli tarama görevi başlatılıyor (incremental)...
Database connection error: (2003, "Can't connect to MySQL server on 'localhost' ([Errno 111] Connection refused)")
İş 65a8fa0c-eda9-44cd-b0cc-ad8a3bad4b86 tamamlandı (admin_scrape).
Zamanlanmış artımlı tarama görevi kuyruğa ekleniyor.
İş işleniyor 44babc39-990a-4b07-804f-0a0d4c4750a7...
İş 44babc39-990a-4b07-804f-0a0d4c4750a7: Yönetici paneli tarama görevi başlatılıyor (incremental)...
Database connection error: (2003, "Can't connect to MySQL server on 'localhost' ([Errno 111] Connection refused)")
İş 44babc39-990a-4b07-804f-0a0d4c4750a7 tamamlandı (admin_scrape).
Zamanlanmış artımlı tarama görevi kuyruğa ekleniyor.
İş işleniyor 273530e9-ff5d-4b79-85f2-59bf8a2b1a06...
İş 273530e9-ff5d-4b79-85f2-59bf8a2b1a06: Yönetici paneli tarama görevi başlatılıyor (incremental)...
Database connection error: (2003, "Can't connect to MySQL server on 'localhost' ([Errno 111] Connection refused)")
İş 273530e9-ff5d-4b79-85f2-59bf8a2b1a06 tamamlandı (admin_scrape).
